2015-07-08 11:02:34,564 ERROR [WsdlSubmit] Exception in request: org.apache.xmlbeans.impl.values.XmlValueOutOfRangeException: string value 'No Authorization' is not a valid enumeration value for type of authType element in Credentials in namespace http://eviware.com/soapui/config
2015-07-08 11:02:34,565 ERROR [errorlog] org.apache.xmlbeans.impl.values.XmlValueOutOfRangeException: string value 'No Authorization' is not a valid enumeration value for type of authType element in Credentials in namespace http://eviware.com/soapui/config
org.apache.xmlbeans.impl.values.XmlValueOutOfRangeException: string value 'No Authorization' is not a valid enumeration value for type of authType element in Credentials in namespace http://eviware.com/soapui/config
	at org.apache.xmlbeans.impl.values.JavaStringEnumerationHolderEx.set_text(JavaStringEnumerationHolderEx.java:39)
	at org.apache.xmlbeans.impl.values.XmlObjectBase.update_from_wscanon_text(XmlObjectBase.java:1166)
	at org.apache.xmlbeans.impl.values.XmlObjectBase.check_dated(XmlObjectBase.java:1305)
	at org.apache.xmlbeans.impl.values.JavaStringEnumerationHolderEx.getEnumValue(JavaStringEnumerationHolderEx.java:60)
	at com.eviware.soapui.config.impl.CredentialsConfigImpl.getAuthType(Unknown Source)
	at com.eviware.soapui.impl.support.AbstractHttpRequest.getAuthType(AbstractHttpRequest.java:523)
	at com.eviware.soapui.impl.wsdl.endpoint.DefaultEndpointStrategy.applyDefaultsToWsdlRequest(DefaultEndpointStrategy.java:213)
	at com.eviware.soapui.impl.wsdl.endpoint.DefaultEndpointStrategy.filterRequest(DefaultEndpointStrategy.java:199)
	at com.eviware.soapui.impl.wsdl.submit.filters.EndpointStrategyRequestFilter.filterRequest(EndpointStrategyRequestFilter.java:35)
	at com.eviware.soapui.impl.wsdl.submit.transports.http.HttpClientRequestTransport.sendRequest(HttpClientRequestTransport.java:184)
	at com.eviware.soapui.impl.wsdl.WsdlSubmit.run(WsdlSubmit.java:123)
	at com.eviware.soapui.impl.wsdl.WsdlSubmit.submitRequest(WsdlSubmit.java:76)
	at com.eviware.soapui.impl.wsdl.WsdlRequest.submit(WsdlRequest.java:238)
	at com.eviware.soapui.impl.wsdl.teststeps.WsdlTestRequestStep.run(WsdlTestRequestStep.java:417)
	at com.eviware.soapui.impl.wsdl.support.AbstractTestCaseRunner.runTestStep(AbstractTestCaseRunner.java:238)
	at com.eviware.soapui.impl.wsdl.testcase.WsdlTestCaseRunner.runCurrentTestStep(WsdlTestCaseRunner.java:48)
	at com.eviware.soapui.impl.wsdl.support.AbstractTestCaseRunner.internalRun(AbstractTestCaseRunner.java:147)
	at com.eviware.soapui.impl.wsdl.support.AbstractTestCaseRunner.internalRun(AbstractTestCaseRunner.java:42)
	at com.eviware.soapui.impl.wsdl.support.AbstractTestRunner.run(AbstractTestRunner.java:135)
	at java.util.concurrent.Executors$RunnableAdapter.call(Executors.java:471)
	at java.util.concurrent.FutureTask.run(FutureTask.java:262)
	at java.util.concurrent.ThreadPoolExecutor.runWorker(ThreadPoolExecutor.java:1145)
	at java.util.concurrent.ThreadPoolExecutor$Worker.run(ThreadPoolExecutor.java:615)
	at java.lang.Thread.run(Thread.java:745)
2015-07-08 11:02:34,641 ERROR [WsdlSubmit] Exception in request: org.apache.xmlbeans.impl.values.XmlValueOutOfRangeException: string value 'No Authorization' is not a valid enumeration value for type of authType element in Credentials in namespace http://eviware.com/soapui/config
2015-07-08 11:02:34,641 ERROR [errorlog] org.apache.xmlbeans.impl.values.XmlValueOutOfRangeException: string value 'No Authorization' is not a valid enumeration value for type of authType element in Credentials in namespace http://eviware.com/soapui/config
org.apache.xmlbeans.impl.values.XmlValueOutOfRangeException: string value 'No Authorization' is not a valid enumeration value for type of authType element in Credentials in namespace http://eviware.com/soapui/config
	at org.apache.xmlbeans.impl.values.JavaStringEnumerationHolderEx.set_text(JavaStringEnumerationHolderEx.java:39)
	at org.apache.xmlbeans.impl.values.XmlObjectBase.update_from_wscanon_text(XmlObjectBase.java:1166)
	at org.apache.xmlbeans.impl.values.XmlObjectBase.check_dated(XmlObjectBase.java:1305)
	at org.apache.xmlbeans.impl.values.JavaStringEnumerationHolderEx.getEnumValue(JavaStringEnumerationHolderEx.java:60)
	at com.eviware.soapui.config.impl.CredentialsConfigImpl.getAuthType(Unknown Source)
	at com.eviware.soapui.impl.support.AbstractHttpRequest.getAuthType(AbstractHttpRequest.java:523)
	at com.eviware.soapui.impl.wsdl.endpoint.DefaultEndpointStrategy.applyDefaultsToWsdlRequest(DefaultEndpointStrategy.java:213)
	at com.eviware.soapui.impl.wsdl.endpoint.DefaultEndpointStrategy.filterRequest(DefaultEndpointStrategy.java:199)
	at com.eviware.soapui.impl.wsdl.submit.filters.EndpointStrategyRequestFilter.filterRequest(EndpointStrategyRequestFilter.java:35)
	at com.eviware.soapui.impl.wsdl.submit.transports.http.HttpClientRequestTransport.sendRequest(HttpClientRequestTransport.java:184)
	at com.eviware.soapui.impl.wsdl.WsdlSubmit.run(WsdlSubmit.java:123)
	at com.eviware.soapui.impl.wsdl.WsdlSubmit.submitRequest(WsdlSubmit.java:76)
	at com.eviware.soapui.impl.wsdl.WsdlRequest.submit(WsdlRequest.java:238)
	at com.eviware.soapui.impl.wsdl.teststeps.WsdlTestRequestStep.run(WsdlTestRequestStep.java:417)
	at com.eviware.soapui.impl.wsdl.support.AbstractTestCaseRunner.runTestStep(AbstractTestCaseRunner.java:238)
	at com.eviware.soapui.impl.wsdl.testcase.WsdlTestCaseRunner.runCurrentTestStep(WsdlTestCaseRunner.java:48)
	at com.eviware.soapui.impl.wsdl.support.AbstractTestCaseRunner.internalRun(AbstractTestCaseRunner.java:147)
	at com.eviware.soapui.impl.wsdl.support.AbstractTestCaseRunner.internalRun(AbstractTestCaseRunner.java:42)
	at com.eviware.soapui.impl.wsdl.support.AbstractTestRunner.run(AbstractTestRunner.java:135)
	at java.util.concurrent.Executors$RunnableAdapter.call(Executors.java:471)
	at java.util.concurrent.FutureTask.run(FutureTask.java:262)
	at java.util.concurrent.ThreadPoolExecutor.runWorker(ThreadPoolExecutor.java:1145)
	at java.util.concurrent.ThreadPoolExecutor$Worker.run(ThreadPoolExecutor.java:615)
	at java.lang.Thread.run(Thread.java:745)
2015-07-08 11:07:24,846 ERROR [WsdlSubmit] Exception in request: org.apache.xmlbeans.impl.values.XmlValueOutOfRangeException: string value 'No Authorization' is not a valid enumeration value for type of authType element in Credentials in namespace http://eviware.com/soapui/config
2015-07-08 11:07:24,846 ERROR [errorlog] org.apache.xmlbeans.impl.values.XmlValueOutOfRangeException: string value 'No Authorization' is not a valid enumeration value for type of authType element in Credentials in namespace http://eviware.com/soapui/config
org.apache.xmlbeans.impl.values.XmlValueOutOfRangeException: string value 'No Authorization' is not a valid enumeration value for type of authType element in Credentials in namespace http://eviware.com/soapui/config
	at org.apache.xmlbeans.impl.values.JavaStringEnumerationHolderEx.set_text(JavaStringEnumerationHolderEx.java:39)
	at org.apache.xmlbeans.impl.values.XmlObjectBase.update_from_wscanon_text(XmlObjectBase.java:1166)
	at org.apache.xmlbeans.impl.values.XmlObjectBase.check_dated(XmlObjectBase.java:1305)
	at org.apache.xmlbeans.impl.values.JavaStringEnumerationHolderEx.getEnumValue(JavaStringEnumerationHolderEx.java:60)
	at com.eviware.soapui.config.impl.CredentialsConfigImpl.getAuthType(Unknown Source)
	at com.eviware.soapui.impl.support.AbstractHttpRequest.getAuthType(AbstractHttpRequest.java:523)
	at com.eviware.soapui.impl.wsdl.endpoint.DefaultEndpointStrategy.applyDefaultsToWsdlRequest(DefaultEndpointStrategy.java:213)
	at com.eviware.soapui.impl.wsdl.endpoint.DefaultEndpointStrategy.filterRequest(DefaultEndpointStrategy.java:199)
	at com.eviware.soapui.impl.wsdl.submit.filters.EndpointStrategyRequestFilter.filterRequest(EndpointStrategyRequestFilter.java:35)
	at com.eviware.soapui.impl.wsdl.submit.transports.http.HttpClientRequestTransport.sendRequest(HttpClientRequestTransport.java:184)
	at com.eviware.soapui.impl.wsdl.WsdlSubmit.run(WsdlSubmit.java:123)
	at com.eviware.soapui.impl.wsdl.WsdlSubmit.submitRequest(WsdlSubmit.java:76)
	at com.eviware.soapui.impl.wsdl.WsdlRequest.submit(WsdlRequest.java:238)
	at com.eviware.soapui.impl.wsdl.teststeps.WsdlTestRequestStep.run(WsdlTestRequestStep.java:417)
	at com.eviware.soapui.impl.wsdl.support.AbstractTestCaseRunner.runTestStep(AbstractTestCaseRunner.java:238)
	at com.eviware.soapui.impl.wsdl.testcase.WsdlTestCaseRunner.runCurrentTestStep(WsdlTestCaseRunner.java:48)
	at com.eviware.soapui.impl.wsdl.support.AbstractTestCaseRunner.internalRun(AbstractTestCaseRunner.java:147)
	at com.eviware.soapui.impl.wsdl.support.AbstractTestCaseRunner.internalRun(AbstractTestCaseRunner.java:42)
	at com.eviware.soapui.impl.wsdl.support.AbstractTestRunner.run(AbstractTestRunner.java:135)
	at java.util.concurrent.Executors$RunnableAdapter.call(Executors.java:471)
	at java.util.concurrent.FutureTask.run(FutureTask.java:262)
	at java.util.concurrent.ThreadPoolExecutor.runWorker(ThreadPoolExecutor.java:1145)
	at java.util.concurrent.ThreadPoolExecutor$Worker.run(ThreadPoolExecutor.java:615)
	at java.lang.Thread.run(Thread.java:745)
2015-07-08 11:07:24,863 ERROR [WsdlSubmit] Exception in request: org.apache.xmlbeans.impl.values.XmlValueOutOfRangeException: string value 'No Authorization' is not a valid enumeration value for type of authType element in Credentials in namespace http://eviware.com/soapui/config
2015-07-08 11:07:24,863 ERROR [errorlog] org.apache.xmlbeans.impl.values.XmlValueOutOfRangeException: string value 'No Authorization' is not a valid enumeration value for type of authType element in Credentials in namespace http://eviware.com/soapui/config
org.apache.xmlbeans.impl.values.XmlValueOutOfRangeException: string value 'No Authorization' is not a valid enumeration value for type of authType element in Credentials in namespace http://eviware.com/soapui/config
	at org.apache.xmlbeans.impl.values.JavaStringEnumerationHolderEx.set_text(JavaStringEnumerationHolderEx.java:39)
	at org.apache.xmlbeans.impl.values.XmlObjectBase.update_from_wscanon_text(XmlObjectBase.java:1166)
	at org.apache.xmlbeans.impl.values.XmlObjectBase.check_dated(XmlObjectBase.java:1305)
	at org.apache.xmlbeans.impl.values.JavaStringEnumerationHolderEx.getEnumValue(JavaStringEnumerationHolderEx.java:60)
	at com.eviware.soapui.config.impl.CredentialsConfigImpl.getAuthType(Unknown Source)
	at com.eviware.soapui.impl.support.AbstractHttpRequest.getAuthType(AbstractHttpRequest.java:523)
	at com.eviware.soapui.impl.wsdl.endpoint.DefaultEndpointStrategy.applyDefaultsToWsdlRequest(DefaultEndpointStrategy.java:213)
	at com.eviware.soapui.impl.wsdl.endpoint.DefaultEndpointStrategy.filterRequest(DefaultEndpointStrategy.java:199)
	at com.eviware.soapui.impl.wsdl.submit.filters.EndpointStrategyRequestFilter.filterRequest(EndpointStrategyRequestFilter.java:35)
	at com.eviware.soapui.impl.wsdl.submit.transports.http.HttpClientRequestTransport.sendRequest(HttpClientRequestTransport.java:184)
	at com.eviware.soapui.impl.wsdl.WsdlSubmit.run(WsdlSubmit.java:123)
	at com.eviware.soapui.impl.wsdl.WsdlSubmit.submitRequest(WsdlSubmit.java:76)
	at com.eviware.soapui.impl.wsdl.WsdlRequest.submit(WsdlRequest.java:238)
	at com.eviware.soapui.impl.wsdl.teststeps.WsdlTestRequestStep.run(WsdlTestRequestStep.java:417)
	at com.eviware.soapui.impl.wsdl.support.AbstractTestCaseRunner.runTestStep(AbstractTestCaseRunner.java:238)
	at com.eviware.soapui.impl.wsdl.testcase.WsdlTestCaseRunner.runCurrentTestStep(WsdlTestCaseRunner.java:48)
	at com.eviware.soapui.impl.wsdl.support.AbstractTestCaseRunner.internalRun(AbstractTestCaseRunner.java:147)
	at com.eviware.soapui.impl.wsdl.support.AbstractTestCaseRunner.internalRun(AbstractTestCaseRunner.java:42)
	at com.eviware.soapui.impl.wsdl.support.AbstractTestRunner.run(AbstractTestRunner.java:135)
	at java.util.concurrent.Executors$RunnableAdapter.call(Executors.java:471)
	at java.util.concurrent.FutureTask.run(FutureTask.java:262)
	at java.util.concurrent.ThreadPoolExecutor.runWorker(ThreadPoolExecutor.java:1145)
	at java.util.concurrent.ThreadPoolExecutor$Worker.run(ThreadPoolExecutor.java:615)
	at java.lang.Thread.run(Thread.java:745)
2015-07-08 12:02:37,163 ERROR [WsdlSubmit] Exception in request: org.apache.xmlbeans.impl.values.XmlValueOutOfRangeException: string value 'No Authorization' is not a valid enumeration value for type of authType element in Credentials in namespace http://eviware.com/soapui/config
2015-07-08 12:02:37,174 ERROR [errorlog] org.apache.xmlbeans.impl.values.XmlValueOutOfRangeException: string value 'No Authorization' is not a valid enumeration value for type of authType element in Credentials in namespace http://eviware.com/soapui/config
org.apache.xmlbeans.impl.values.XmlValueOutOfRangeException: string value 'No Authorization' is not a valid enumeration value for type of authType element in Credentials in namespace http://eviware.com/soapui/config
	at org.apache.xmlbeans.impl.values.JavaStringEnumerationHolderEx.set_text(JavaStringEnumerationHolderEx.java:39)
	at org.apache.xmlbeans.impl.values.XmlObjectBase.update_from_wscanon_text(XmlObjectBase.java:1166)
	at org.apache.xmlbeans.impl.values.XmlObjectBase.check_dated(XmlObjectBase.java:1305)
	at org.apache.xmlbeans.impl.values.JavaStringEnumerationHolderEx.getEnumValue(JavaStringEnumerationHolderEx.java:60)
	at com.eviware.soapui.config.impl.CredentialsConfigImpl.getAuthType(Unknown Source)
	at com.eviware.soapui.impl.support.AbstractHttpRequest.getAuthType(AbstractHttpRequest.java:523)
	at com.eviware.soapui.impl.wsdl.endpoint.DefaultEndpointStrategy.applyDefaultsToWsdlRequest(DefaultEndpointStrategy.java:213)
	at com.eviware.soapui.impl.wsdl.endpoint.DefaultEndpointStrategy.filterRequest(DefaultEndpointStrategy.java:199)
	at com.eviware.soapui.impl.wsdl.submit.filters.EndpointStrategyRequestFilter.filterRequest(EndpointStrategyRequestFilter.java:35)
	at com.eviware.soapui.impl.wsdl.submit.transports.http.HttpClientRequestTransport.sendRequest(HttpClientRequestTransport.java:179)
	at com.eviware.soapui.impl.wsdl.WsdlSubmit.run(WsdlSubmit.java:123)
	at com.eviware.soapui.impl.wsdl.WsdlSubmit.submitRequest(WsdlSubmit.java:76)
	at com.eviware.soapui.impl.wsdl.WsdlRequest.submit(WsdlRequest.java:238)
	at com.eviware.soapui.impl.wsdl.teststeps.WsdlTestRequestStep.run(WsdlTestRequestStep.java:417)
	at com.eviware.soapui.impl.wsdl.support.AbstractTestCaseRunner.runTestStep(AbstractTestCaseRunner.java:239)
	at com.eviware.soapui.impl.wsdl.testcase.WsdlTestCaseRunner.runCurrentTestStep(WsdlTestCaseRunner.java:48)
	at com.eviware.soapui.impl.wsdl.support.AbstractTestCaseRunner.internalRun(AbstractTestCaseRunner.java:148)
	at com.eviware.soapui.impl.wsdl.support.AbstractTestCaseRunner.internalRun(AbstractTestCaseRunner.java:43)
	at com.eviware.soapui.impl.wsdl.support.AbstractTestRunner.run(AbstractTestRunner.java:135)
	at java.util.concurrent.Executors$RunnableAdapter.call(Executors.java:471)
	at java.util.concurrent.FutureTask.run(FutureTask.java:262)
	at java.util.concurrent.ThreadPoolExecutor.runWorker(ThreadPoolExecutor.java:1145)
	at java.util.concurrent.ThreadPoolExecutor$Worker.run(ThreadPoolExecutor.java:615)
	at java.lang.Thread.run(Thread.java:745)
2015-07-08 12:02:37,186 ERROR [WsdlSubmit] Exception in request: org.apache.xmlbeans.impl.values.XmlValueOutOfRangeException: string value 'No Authorization' is not a valid enumeration value for type of authType element in Credentials in namespace http://eviware.com/soapui/config
2015-07-08 12:02:37,186 ERROR [errorlog] org.apache.xmlbeans.impl.values.XmlValueOutOfRangeException: string value 'No Authorization' is not a valid enumeration value for type of authType element in Credentials in namespace http://eviware.com/soapui/config
org.apache.xmlbeans.impl.values.XmlValueOutOfRangeException: string value 'No Authorization' is not a valid enumeration value for type of authType element in Credentials in namespace http://eviware.com/soapui/config
	at org.apache.xmlbeans.impl.values.JavaStringEnumerationHolderEx.set_text(JavaStringEnumerationHolderEx.java:39)
	at org.apache.xmlbeans.impl.values.XmlObjectBase.update_from_wscanon_text(XmlObjectBase.java:1166)
	at org.apache.xmlbeans.impl.values.XmlObjectBase.check_dated(XmlObjectBase.java:1305)
	at org.apache.xmlbeans.impl.values.JavaStringEnumerationHolderEx.getEnumValue(JavaStringEnumerationHolderEx.java:60)
	at com.eviware.soapui.config.impl.CredentialsConfigImpl.getAuthType(Unknown Source)
	at com.eviware.soapui.impl.support.AbstractHttpRequest.getAuthType(AbstractHttpRequest.java:523)
	at com.eviware.soapui.impl.wsdl.endpoint.DefaultEndpointStrategy.applyDefaultsToWsdlRequest(DefaultEndpointStrategy.java:213)
	at com.eviware.soapui.impl.wsdl.endpoint.DefaultEndpointStrategy.filterRequest(DefaultEndpointStrategy.java:199)
	at com.eviware.soapui.impl.wsdl.submit.filters.EndpointStrategyRequestFilter.filterRequest(EndpointStrategyRequestFilter.java:35)
	at com.eviware.soapui.impl.wsdl.submit.transports.http.HttpClientRequestTransport.sendRequest(HttpClientRequestTransport.java:179)
	at com.eviware.soapui.impl.wsdl.WsdlSubmit.run(WsdlSubmit.java:123)
	at com.eviware.soapui.impl.wsdl.WsdlSubmit.submitRequest(WsdlSubmit.java:76)
	at com.eviware.soapui.impl.wsdl.WsdlRequest.submit(WsdlRequest.java:238)
	at com.eviware.soapui.impl.wsdl.teststeps.WsdlTestRequestStep.run(WsdlTestRequestStep.java:417)
	at com.eviware.soapui.impl.wsdl.support.AbstractTestCaseRunner.runTestStep(AbstractTestCaseRunner.java:239)
	at com.eviware.soapui.impl.wsdl.testcase.WsdlTestCaseRunner.runCurrentTestStep(WsdlTestCaseRunner.java:48)
	at com.eviware.soapui.impl.wsdl.support.AbstractTestCaseRunner.internalRun(AbstractTestCaseRunner.java:148)
	at com.eviware.soapui.impl.wsdl.support.AbstractTestCaseRunner.internalRun(AbstractTestCaseRunner.java:43)
	at com.eviware.soapui.impl.wsdl.support.AbstractTestRunner.run(AbstractTestRunner.java:135)
	at java.util.concurrent.Executors$RunnableAdapter.call(Executors.java:471)
	at java.util.concurrent.FutureTask.run(FutureTask.java:262)
	at java.util.concurrent.ThreadPoolExecutor.runWorker(ThreadPoolExecutor.java:1145)
	at java.util.concurrent.ThreadPoolExecutor$Worker.run(ThreadPoolExecutor.java:615)
	at java.lang.Thread.run(Thread.java:745)
2015-07-08 13:38:30,614 ERROR [WsdlSubmit] Exception in request: org.apache.xmlbeans.impl.values.XmlValueOutOfRangeException: string value 'No Authorization' is not a valid enumeration value for type of authType element in Credentials in namespace http://eviware.com/soapui/config
2015-07-08 13:38:30,636 ERROR [errorlog] org.apache.xmlbeans.impl.values.XmlValueOutOfRangeException: string value 'No Authorization' is not a valid enumeration value for type of authType element in Credentials in namespace http://eviware.com/soapui/config
org.apache.xmlbeans.impl.values.XmlValueOutOfRangeException: string value 'No Authorization' is not a valid enumeration value for type of authType element in Credentials in namespace http://eviware.com/soapui/config
	at org.apache.xmlbeans.impl.values.JavaStringEnumerationHolderEx.set_text(JavaStringEnumerationHolderEx.java:39)
	at org.apache.xmlbeans.impl.values.XmlObjectBase.update_from_wscanon_text(XmlObjectBase.java:1166)
	at org.apache.xmlbeans.impl.values.XmlObjectBase.check_dated(XmlObjectBase.java:1305)
	at org.apache.xmlbeans.impl.values.JavaStringEnumerationHolderEx.getEnumValue(JavaStringEnumerationHolderEx.java:60)
	at com.eviware.soapui.config.impl.CredentialsConfigImpl.getAuthType(Unknown Source)
	at com.eviware.soapui.impl.support.AbstractHttpRequest.getAuthType(AbstractHttpRequest.java:523)
	at com.eviware.soapui.impl.wsdl.endpoint.DefaultEndpointStrategy.applyDefaultsToWsdlRequest(DefaultEndpointStrategy.java:213)
	at com.eviware.soapui.impl.wsdl.endpoint.DefaultEndpointStrategy.filterRequest(DefaultEndpointStrategy.java:199)
	at com.eviware.soapui.impl.wsdl.submit.filters.EndpointStrategyRequestFilter.filterRequest(EndpointStrategyRequestFilter.java:35)
	at com.eviware.soapui.impl.wsdl.submit.transports.http.HttpClientRequestTransport.sendRequest(HttpClientRequestTransport.java:179)
	at com.eviware.soapui.impl.wsdl.WsdlSubmit.run(WsdlSubmit.java:123)
	at com.eviware.soapui.impl.wsdl.WsdlSubmit.submitRequest(WsdlSubmit.java:76)
	at com.eviware.soapui.impl.wsdl.WsdlRequest.submit(WsdlRequest.java:238)
	at com.eviware.soapui.impl.wsdl.teststeps.WsdlTestRequestStep.run(WsdlTestRequestStep.java:417)
	at com.eviware.soapui.impl.wsdl.support.AbstractTestCaseRunner.runTestStep(AbstractTestCaseRunner.java:239)
	at com.eviware.soapui.impl.wsdl.testcase.WsdlTestCaseRunner.runCurrentTestStep(WsdlTestCaseRunner.java:48)
	at com.eviware.soapui.impl.wsdl.support.AbstractTestCaseRunner.internalRun(AbstractTestCaseRunner.java:148)
	at com.eviware.soapui.impl.wsdl.support.AbstractTestCaseRunner.internalRun(AbstractTestCaseRunner.java:43)
	at com.eviware.soapui.impl.wsdl.support.AbstractTestRunner.run(AbstractTestRunner.java:135)
	at java.util.concurrent.Executors$RunnableAdapter.call(Executors.java:471)
	at java.util.concurrent.FutureTask.run(FutureTask.java:262)
	at java.util.concurrent.ThreadPoolExecutor.runWorker(ThreadPoolExecutor.java:1145)
	at java.util.concurrent.ThreadPoolExecutor$Worker.run(ThreadPoolExecutor.java:615)
	at java.lang.Thread.run(Thread.java:745)
2015-07-08 13:38:30,708 ERROR [WsdlSubmit] Exception in request: org.apache.xmlbeans.impl.values.XmlValueOutOfRangeException: string value 'No Authorization' is not a valid enumeration value for type of authType element in Credentials in namespace http://eviware.com/soapui/config
2015-07-08 13:38:30,709 ERROR [errorlog] org.apache.xmlbeans.impl.values.XmlValueOutOfRangeException: string value 'No Authorization' is not a valid enumeration value for type of authType element in Credentials in namespace http://eviware.com/soapui/config
org.apache.xmlbeans.impl.values.XmlValueOutOfRangeException: string value 'No Authorization' is not a valid enumeration value for type of authType element in Credentials in namespace http://eviware.com/soapui/config
	at org.apache.xmlbeans.impl.values.JavaStringEnumerationHolderEx.set_text(JavaStringEnumerationHolderEx.java:39)
	at org.apache.xmlbeans.impl.values.XmlObjectBase.update_from_wscanon_text(XmlObjectBase.java:1166)
	at org.apache.xmlbeans.impl.values.XmlObjectBase.check_dated(XmlObjectBase.java:1305)
	at org.apache.xmlbeans.impl.values.JavaStringEnumerationHolderEx.getEnumValue(JavaStringEnumerationHolderEx.java:60)
	at com.eviware.soapui.config.impl.CredentialsConfigImpl.getAuthType(Unknown Source)
	at com.eviware.soapui.impl.support.AbstractHttpRequest.getAuthType(AbstractHttpRequest.java:523)
	at com.eviware.soapui.impl.wsdl.endpoint.DefaultEndpointStrategy.applyDefaultsToWsdlRequest(DefaultEndpointStrategy.java:213)
	at com.eviware.soapui.impl.wsdl.endpoint.DefaultEndpointStrategy.filterRequest(DefaultEndpointStrategy.java:199)
	at com.eviware.soapui.impl.wsdl.submit.filters.EndpointStrategyRequestFilter.filterRequest(EndpointStrategyRequestFilter.java:35)
	at com.eviware.soapui.impl.wsdl.submit.transports.http.HttpClientRequestTransport.sendRequest(HttpClientRequestTransport.java:179)
	at com.eviware.soapui.impl.wsdl.WsdlSubmit.run(WsdlSubmit.java:123)
	at com.eviware.soapui.impl.wsdl.WsdlSubmit.submitRequest(WsdlSubmit.java:76)
	at com.eviware.soapui.impl.wsdl.WsdlRequest.submit(WsdlRequest.java:238)
	at com.eviware.soapui.impl.wsdl.teststeps.WsdlTestRequestStep.run(WsdlTestRequestStep.java:417)
	at com.eviware.soapui.impl.wsdl.support.AbstractTestCaseRunner.runTestStep(AbstractTestCaseRunner.java:239)
	at com.eviware.soapui.impl.wsdl.testcase.WsdlTestCaseRunner.runCurrentTestStep(WsdlTestCaseRunner.java:48)
	at com.eviware.soapui.impl.wsdl.support.AbstractTestCaseRunner.internalRun(AbstractTestCaseRunner.java:148)
	at com.eviware.soapui.impl.wsdl.support.AbstractTestCaseRunner.internalRun(AbstractTestCaseRunner.java:43)
	at com.eviware.soapui.impl.wsdl.support.AbstractTestRunner.run(AbstractTestRunner.java:135)
	at java.util.concurrent.Executors$RunnableAdapter.call(Executors.java:471)
	at java.util.concurrent.FutureTask.run(FutureTask.java:262)
	at java.util.concurrent.ThreadPoolExecutor.runWorker(ThreadPoolExecutor.java:1145)
	at java.util.concurrent.ThreadPoolExecutor$Worker.run(ThreadPoolExecutor.java:615)
	at java.lang.Thread.run(Thread.java:745)
2015-07-08 13:42:53,192 ERROR [WsdlSubmit] Exception in request: org.apache.xmlbeans.impl.values.XmlValueOutOfRangeException: string value 'No Authorization' is not a valid enumeration value for type of authType element in Credentials in namespace http://eviware.com/soapui/config
2015-07-08 13:42:53,193 ERROR [errorlog] org.apache.xmlbeans.impl.values.XmlValueOutOfRangeException: string value 'No Authorization' is not a valid enumeration value for type of authType element in Credentials in namespace http://eviware.com/soapui/config
org.apache.xmlbeans.impl.values.XmlValueOutOfRangeException: string value 'No Authorization' is not a valid enumeration value for type of authType element in Credentials in namespace http://eviware.com/soapui/config
	at org.apache.xmlbeans.impl.values.JavaStringEnumerationHolderEx.set_text(JavaStringEnumerationHolderEx.java:39)
	at org.apache.xmlbeans.impl.values.XmlObjectBase.update_from_wscanon_text(XmlObjectBase.java:1166)
	at org.apache.xmlbeans.impl.values.XmlObjectBase.check_dated(XmlObjectBase.java:1305)
	at org.apache.xmlbeans.impl.values.JavaStringEnumerationHolderEx.getEnumValue(JavaStringEnumerationHolderEx.java:60)
	at com.eviware.soapui.config.impl.CredentialsConfigImpl.getAuthType(Unknown Source)
	at com.eviware.soapui.impl.support.AbstractHttpRequest.getAuthType(AbstractHttpRequest.java:523)
	at com.eviware.soapui.impl.wsdl.endpoint.DefaultEndpointStrategy.applyDefaultsToWsdlRequest(DefaultEndpointStrategy.java:213)
	at com.eviware.soapui.impl.wsdl.endpoint.DefaultEndpointStrategy.filterRequest(DefaultEndpointStrategy.java:199)
	at com.eviware.soapui.impl.wsdl.submit.filters.EndpointStrategyRequestFilter.filterRequest(EndpointStrategyRequestFilter.java:35)
	at com.eviware.soapui.impl.wsdl.submit.transports.http.HttpClientRequestTransport.sendRequest(HttpClientRequestTransport.java:179)
	at com.eviware.soapui.impl.wsdl.WsdlSubmit.run(WsdlSubmit.java:123)
	at com.eviware.soapui.impl.wsdl.WsdlSubmit.submitRequest(WsdlSubmit.java:76)
	at com.eviware.soapui.impl.wsdl.WsdlRequest.submit(WsdlRequest.java:238)
	at com.eviware.soapui.impl.wsdl.teststeps.WsdlTestRequestStep.run(WsdlTestRequestStep.java:417)
	at com.eviware.soapui.impl.wsdl.support.AbstractTestCaseRunner.runTestStep(AbstractTestCaseRunner.java:239)
	at com.eviware.soapui.impl.wsdl.testcase.WsdlTestCaseRunner.runCurrentTestStep(WsdlTestCaseRunner.java:48)
	at com.eviware.soapui.impl.wsdl.support.AbstractTestCaseRunner.internalRun(AbstractTestCaseRunner.java:148)
	at com.eviware.soapui.impl.wsdl.support.AbstractTestCaseRunner.internalRun(AbstractTestCaseRunner.java:43)
	at com.eviware.soapui.impl.wsdl.support.AbstractTestRunner.run(AbstractTestRunner.java:135)
	at java.util.concurrent.Executors$RunnableAdapter.call(Executors.java:471)
	at java.util.concurrent.FutureTask.run(FutureTask.java:262)
	at java.util.concurrent.ThreadPoolExecutor.runWorker(ThreadPoolExecutor.java:1145)
	at java.util.concurrent.ThreadPoolExecutor$Worker.run(ThreadPoolExecutor.java:615)
	at java.lang.Thread.run(Thread.java:745)
2015-07-08 13:42:53,213 ERROR [WsdlSubmit] Exception in request: org.apache.xmlbeans.impl.values.XmlValueOutOfRangeException: string value 'No Authorization' is not a valid enumeration value for type of authType element in Credentials in namespace http://eviware.com/soapui/config
2015-07-08 13:42:53,214 ERROR [errorlog] org.apache.xmlbeans.impl.values.XmlValueOutOfRangeException: string value 'No Authorization' is not a valid enumeration value for type of authType element in Credentials in namespace http://eviware.com/soapui/config
org.apache.xmlbeans.impl.values.XmlValueOutOfRangeException: string value 'No Authorization' is not a valid enumeration value for type of authType element in Credentials in namespace http://eviware.com/soapui/config
	at org.apache.xmlbeans.impl.values.JavaStringEnumerationHolderEx.set_text(JavaStringEnumerationHolderEx.java:39)
	at org.apache.xmlbeans.impl.values.XmlObjectBase.update_from_wscanon_text(XmlObjectBase.java:1166)
	at org.apache.xmlbeans.impl.values.XmlObjectBase.check_dated(XmlObjectBase.java:1305)
	at org.apache.xmlbeans.impl.values.JavaStringEnumerationHolderEx.getEnumValue(JavaStringEnumerationHolderEx.java:60)
	at com.eviware.soapui.config.impl.CredentialsConfigImpl.getAuthType(Unknown Source)
	at com.eviware.soapui.impl.support.AbstractHttpRequest.getAuthType(AbstractHttpRequest.java:523)
	at com.eviware.soapui.impl.wsdl.endpoint.DefaultEndpointStrategy.applyDefaultsToWsdlRequest(DefaultEndpointStrategy.java:213)
	at com.eviware.soapui.impl.wsdl.endpoint.DefaultEndpointStrategy.filterRequest(DefaultEndpointStrategy.java:199)
	at com.eviware.soapui.impl.wsdl.submit.filters.EndpointStrategyRequestFilter.filterRequest(EndpointStrategyRequestFilter.java:35)
	at com.eviware.soapui.impl.wsdl.submit.transports.http.HttpClientRequestTransport.sendRequest(HttpClientRequestTransport.java:179)
	at com.eviware.soapui.impl.wsdl.WsdlSubmit.run(WsdlSubmit.java:123)
	at com.eviware.soapui.impl.wsdl.WsdlSubmit.submitRequest(WsdlSubmit.java:76)
	at com.eviware.soapui.impl.wsdl.WsdlRequest.submit(WsdlRequest.java:238)
	at com.eviware.soapui.impl.wsdl.teststeps.WsdlTestRequestStep.run(WsdlTestRequestStep.java:417)
	at com.eviware.soapui.impl.wsdl.support.AbstractTestCaseRunner.runTestStep(AbstractTestCaseRunner.java:239)
	at com.eviware.soapui.impl.wsdl.testcase.WsdlTestCaseRunner.runCurrentTestStep(WsdlTestCaseRunner.java:48)
	at com.eviware.soapui.impl.wsdl.support.AbstractTestCaseRunner.internalRun(AbstractTestCaseRunner.java:148)
	at com.eviware.soapui.impl.wsdl.support.AbstractTestCaseRunner.internalRun(AbstractTestCaseRunner.java:43)
	at com.eviware.soapui.impl.wsdl.support.AbstractTestRunner.run(AbstractTestRunner.java:135)
	at java.util.concurrent.Executors$RunnableAdapter.call(Executors.java:471)
	at java.util.concurrent.FutureTask.run(FutureTask.java:262)
	at java.util.concurrent.ThreadPoolExecutor.runWorker(ThreadPoolExecutor.java:1145)
	at java.util.concurrent.ThreadPoolExecutor$Worker.run(ThreadPoolExecutor.java:615)
	at java.lang.Thread.run(Thread.java:745)
2015-07-08 13:54:24,468 ERROR [WsdlSubmit] Exception in request: org.apache.xmlbeans.impl.values.XmlValueOutOfRangeException: string value 'No Authorization' is not a valid enumeration value for type of authType element in Credentials in namespace http://eviware.com/soapui/config
2015-07-08 13:54:24,469 ERROR [errorlog] org.apache.xmlbeans.impl.values.XmlValueOutOfRangeException: string value 'No Authorization' is not a valid enumeration value for type of authType element in Credentials in namespace http://eviware.com/soapui/config
org.apache.xmlbeans.impl.values.XmlValueOutOfRangeException: string value 'No Authorization' is not a valid enumeration value for type of authType element in Credentials in namespace http://eviware.com/soapui/config
	at org.apache.xmlbeans.impl.values.JavaStringEnumerationHolderEx.set_text(JavaStringEnumerationHolderEx.java:39)
	at org.apache.xmlbeans.impl.values.XmlObjectBase.update_from_wscanon_text(XmlObjectBase.java:1166)
	at org.apache.xmlbeans.impl.values.XmlObjectBase.check_dated(XmlObjectBase.java:1305)
	at org.apache.xmlbeans.impl.values.JavaStringEnumerationHolderEx.getEnumValue(JavaStringEnumerationHolderEx.java:60)
	at com.eviware.soapui.config.impl.CredentialsConfigImpl.getAuthType(Unknown Source)
	at com.eviware.soapui.impl.support.AbstractHttpRequest.getAuthType(AbstractHttpRequest.java:523)
	at com.eviware.soapui.impl.wsdl.endpoint.DefaultEndpointStrategy.applyDefaultsToWsdlRequest(DefaultEndpointStrategy.java:213)
	at com.eviware.soapui.impl.wsdl.endpoint.DefaultEndpointStrategy.filterRequest(DefaultEndpointStrategy.java:199)
	at com.eviware.soapui.impl.wsdl.submit.filters.EndpointStrategyRequestFilter.filterRequest(EndpointStrategyRequestFilter.java:35)
	at com.eviware.soapui.impl.wsdl.submit.transports.http.HttpClientRequestTransport.sendRequest(HttpClientRequestTransport.java:179)
	at com.eviware.soapui.impl.wsdl.WsdlSubmit.run(WsdlSubmit.java:123)
	at com.eviware.soapui.impl.wsdl.WsdlSubmit.submitRequest(WsdlSubmit.java:76)
	at com.eviware.soapui.impl.wsdl.WsdlRequest.submit(WsdlRequest.java:238)
	at com.eviware.soapui.impl.wsdl.teststeps.WsdlTestRequestStep.run(WsdlTestRequestStep.java:417)
	at com.eviware.soapui.impl.wsdl.support.AbstractTestCaseRunner.runTestStep(AbstractTestCaseRunner.java:239)
	at com.eviware.soapui.impl.wsdl.testcase.WsdlTestCaseRunner.runCurrentTestStep(WsdlTestCaseRunner.java:48)
	at com.eviware.soapui.impl.wsdl.support.AbstractTestCaseRunner.internalRun(AbstractTestCaseRunner.java:148)
	at com.eviware.soapui.impl.wsdl.support.AbstractTestCaseRunner.internalRun(AbstractTestCaseRunner.java:43)
	at com.eviware.soapui.impl.wsdl.support.AbstractTestRunner.run(AbstractTestRunner.java:135)
	at java.util.concurrent.Executors$RunnableAdapter.call(Executors.java:471)
	at java.util.concurrent.FutureTask.run(FutureTask.java:262)
	at java.util.concurrent.ThreadPoolExecutor.runWorker(ThreadPoolExecutor.java:1145)
	at java.util.concurrent.ThreadPoolExecutor$Worker.run(ThreadPoolExecutor.java:615)
	at java.lang.Thread.run(Thread.java:745)
2015-07-08 13:54:24,489 ERROR [WsdlSubmit] Exception in request: org.apache.xmlbeans.impl.values.XmlValueOutOfRangeException: string value 'No Authorization' is not a valid enumeration value for type of authType element in Credentials in namespace http://eviware.com/soapui/config
2015-07-08 13:54:24,489 ERROR [errorlog] org.apache.xmlbeans.impl.values.XmlValueOutOfRangeException: string value 'No Authorization' is not a valid enumeration value for type of authType element in Credentials in namespace http://eviware.com/soapui/config
org.apache.xmlbeans.impl.values.XmlValueOutOfRangeException: string value 'No Authorization' is not a valid enumeration value for type of authType element in Credentials in namespace http://eviware.com/soapui/config
	at org.apache.xmlbeans.impl.values.JavaStringEnumerationHolderEx.set_text(JavaStringEnumerationHolderEx.java:39)
	at org.apache.xmlbeans.impl.values.XmlObjectBase.update_from_wscanon_text(XmlObjectBase.java:1166)
	at org.apache.xmlbeans.impl.values.XmlObjectBase.check_dated(XmlObjectBase.java:1305)
	at org.apache.xmlbeans.impl.values.JavaStringEnumerationHolderEx.getEnumValue(JavaStringEnumerationHolderEx.java:60)
	at com.eviware.soapui.config.impl.CredentialsConfigImpl.getAuthType(Unknown Source)
	at com.eviware.soapui.impl.support.AbstractHttpRequest.getAuthType(AbstractHttpRequest.java:523)
	at com.eviware.soapui.impl.wsdl.endpoint.DefaultEndpointStrategy.applyDefaultsToWsdlRequest(DefaultEndpointStrategy.java:213)
	at com.eviware.soapui.impl.wsdl.endpoint.DefaultEndpointStrategy.filterRequest(DefaultEndpointStrategy.java:199)
	at com.eviware.soapui.impl.wsdl.submit.filters.EndpointStrategyRequestFilter.filterRequest(EndpointStrategyRequestFilter.java:35)
	at com.eviware.soapui.impl.wsdl.submit.transports.http.HttpClientRequestTransport.sendRequest(HttpClientRequestTransport.java:179)
	at com.eviware.soapui.impl.wsdl.WsdlSubmit.run(WsdlSubmit.java:123)
	at com.eviware.soapui.impl.wsdl.WsdlSubmit.submitRequest(WsdlSubmit.java:76)
	at com.eviware.soapui.impl.wsdl.WsdlRequest.submit(WsdlRequest.java:238)
	at com.eviware.soapui.impl.wsdl.teststeps.WsdlTestRequestStep.run(WsdlTestRequestStep.java:417)
	at com.eviware.soapui.impl.wsdl.support.AbstractTestCaseRunner.runTestStep(AbstractTestCaseRunner.java:239)
	at com.eviware.soapui.impl.wsdl.testcase.WsdlTestCaseRunner.runCurrentTestStep(WsdlTestCaseRunner.java:48)
	at com.eviware.soapui.impl.wsdl.support.AbstractTestCaseRunner.internalRun(AbstractTestCaseRunner.java:148)
	at com.eviware.soapui.impl.wsdl.support.AbstractTestCaseRunner.internalRun(AbstractTestCaseRunner.java:43)
	at com.eviware.soapui.impl.wsdl.support.AbstractTestRunner.run(AbstractTestRunner.java:135)
	at java.util.concurrent.Executors$RunnableAdapter.call(Executors.java:471)
	at java.util.concurrent.FutureTask.run(FutureTask.java:262)
	at java.util.concurrent.ThreadPoolExecutor.runWorker(ThreadPoolExecutor.java:1145)
	at java.util.concurrent.ThreadPoolExecutor$Worker.run(ThreadPoolExecutor.java:615)
	at java.lang.Thread.run(Thread.java:745)
2015-07-08 13:56:27,045 ERROR [WsdlSubmit] Exception in request: org.apache.xmlbeans.impl.values.XmlValueOutOfRangeException: string value 'No Authorization' is not a valid enumeration value for type of authType element in Credentials in namespace http://eviware.com/soapui/config
2015-07-08 13:56:27,046 ERROR [errorlog] org.apache.xmlbeans.impl.values.XmlValueOutOfRangeException: string value 'No Authorization' is not a valid enumeration value for type of authType element in Credentials in namespace http://eviware.com/soapui/config
org.apache.xmlbeans.impl.values.XmlValueOutOfRangeException: string value 'No Authorization' is not a valid enumeration value for type of authType element in Credentials in namespace http://eviware.com/soapui/config
	at org.apache.xmlbeans.impl.values.JavaStringEnumerationHolderEx.set_text(JavaStringEnumerationHolderEx.java:39)
	at org.apache.xmlbeans.impl.values.XmlObjectBase.update_from_wscanon_text(XmlObjectBase.java:1166)
	at org.apache.xmlbeans.impl.values.XmlObjectBase.check_dated(XmlObjectBase.java:1305)
	at org.apache.xmlbeans.impl.values.JavaStringEnumerationHolderEx.getEnumValue(JavaStringEnumerationHolderEx.java:60)
	at com.eviware.soapui.config.impl.CredentialsConfigImpl.getAuthType(Unknown Source)
	at com.eviware.soapui.impl.support.AbstractHttpRequest.getAuthType(AbstractHttpRequest.java:523)
	at com.eviware.soapui.impl.wsdl.endpoint.DefaultEndpointStrategy.applyDefaultsToWsdlRequest(DefaultEndpointStrategy.java:213)
	at com.eviware.soapui.impl.wsdl.endpoint.DefaultEndpointStrategy.filterRequest(DefaultEndpointStrategy.java:199)
	at com.eviware.soapui.impl.wsdl.submit.filters.EndpointStrategyRequestFilter.filterRequest(EndpointStrategyRequestFilter.java:35)
	at com.eviware.soapui.impl.wsdl.submit.transports.http.HttpClientRequestTransport.sendRequest(HttpClientRequestTransport.java:179)
	at com.eviware.soapui.impl.wsdl.WsdlSubmit.run(WsdlSubmit.java:123)
	at com.eviware.soapui.impl.wsdl.WsdlSubmit.submitRequest(WsdlSubmit.java:76)
	at com.eviware.soapui.impl.wsdl.WsdlRequest.submit(WsdlRequest.java:238)
	at com.eviware.soapui.impl.wsdl.teststeps.WsdlTestRequestStep.run(WsdlTestRequestStep.java:417)
	at com.eviware.soapui.impl.wsdl.support.AbstractTestCaseRunner.runTestStep(AbstractTestCaseRunner.java:239)
	at com.eviware.soapui.impl.wsdl.testcase.WsdlTestCaseRunner.runCurrentTestStep(WsdlTestCaseRunner.java:48)
	at com.eviware.soapui.impl.wsdl.support.AbstractTestCaseRunner.internalRun(AbstractTestCaseRunner.java:148)
	at com.eviware.soapui.impl.wsdl.support.AbstractTestCaseRunner.internalRun(AbstractTestCaseRunner.java:43)
	at com.eviware.soapui.impl.wsdl.support.AbstractTestRunner.run(AbstractTestRunner.java:135)
	at java.util.concurrent.Executors$RunnableAdapter.call(Executors.java:471)
	at java.util.concurrent.FutureTask.run(FutureTask.java:262)
	at java.util.concurrent.ThreadPoolExecutor.runWorker(ThreadPoolExecutor.java:1145)
	at java.util.concurrent.ThreadPoolExecutor$Worker.run(ThreadPoolExecutor.java:615)
	at java.lang.Thread.run(Thread.java:745)
2015-07-08 13:56:27,066 ERROR [WsdlSubmit] Exception in request: org.apache.xmlbeans.impl.values.XmlValueOutOfRangeException: string value 'No Authorization' is not a valid enumeration value for type of authType element in Credentials in namespace http://eviware.com/soapui/config
2015-07-08 13:56:27,067 ERROR [errorlog] org.apache.xmlbeans.impl.values.XmlValueOutOfRangeException: string value 'No Authorization' is not a valid enumeration value for type of authType element in Credentials in namespace http://eviware.com/soapui/config
org.apache.xmlbeans.impl.values.XmlValueOutOfRangeException: string value 'No Authorization' is not a valid enumeration value for type of authType element in Credentials in namespace http://eviware.com/soapui/config
	at org.apache.xmlbeans.impl.values.JavaStringEnumerationHolderEx.set_text(JavaStringEnumerationHolderEx.java:39)
	at org.apache.xmlbeans.impl.values.XmlObjectBase.update_from_wscanon_text(XmlObjectBase.java:1166)
	at org.apache.xmlbeans.impl.values.XmlObjectBase.check_dated(XmlObjectBase.java:1305)
	at org.apache.xmlbeans.impl.values.JavaStringEnumerationHolderEx.getEnumValue(JavaStringEnumerationHolderEx.java:60)
	at com.eviware.soapui.config.impl.CredentialsConfigImpl.getAuthType(Unknown Source)
	at com.eviware.soapui.impl.support.AbstractHttpRequest.getAuthType(AbstractHttpRequest.java:523)
	at com.eviware.soapui.impl.wsdl.endpoint.DefaultEndpointStrategy.applyDefaultsToWsdlRequest(DefaultEndpointStrategy.java:213)
	at com.eviware.soapui.impl.wsdl.endpoint.DefaultEndpointStrategy.filterRequest(DefaultEndpointStrategy.java:199)
	at com.eviware.soapui.impl.wsdl.submit.filters.EndpointStrategyRequestFilter.filterRequest(EndpointStrategyRequestFilter.java:35)
	at com.eviware.soapui.impl.wsdl.submit.transports.http.HttpClientRequestTransport.sendRequest(HttpClientRequestTransport.java:179)
	at com.eviware.soapui.impl.wsdl.WsdlSubmit.run(WsdlSubmit.java:123)
	at com.eviware.soapui.impl.wsdl.WsdlSubmit.submitRequest(WsdlSubmit.java:76)
	at com.eviware.soapui.impl.wsdl.WsdlRequest.submit(WsdlRequest.java:238)
	at com.eviware.soapui.impl.wsdl.teststeps.WsdlTestRequestStep.run(WsdlTestRequestStep.java:417)
	at com.eviware.soapui.impl.wsdl.support.AbstractTestCaseRunner.runTestStep(AbstractTestCaseRunner.java:239)
	at com.eviware.soapui.impl.wsdl.testcase.WsdlTestCaseRunner.runCurrentTestStep(WsdlTestCaseRunner.java:48)
	at com.eviware.soapui.impl.wsdl.support.AbstractTestCaseRunner.internalRun(AbstractTestCaseRunner.java:148)
	at com.eviware.soapui.impl.wsdl.support.AbstractTestCaseRunner.internalRun(AbstractTestCaseRunner.java:43)
	at com.eviware.soapui.impl.wsdl.support.AbstractTestRunner.run(AbstractTestRunner.java:135)
	at java.util.concurrent.Executors$RunnableAdapter.call(Executors.java:471)
	at java.util.concurrent.FutureTask.run(FutureTask.java:262)
	at java.util.concurrent.ThreadPoolExecutor.runWorker(ThreadPoolExecutor.java:1145)
	at java.util.concurrent.ThreadPoolExecutor$Worker.run(ThreadPoolExecutor.java:615)
	at java.lang.Thread.run(Thread.java:745)
2015-07-08 14:16:19,275 ERROR [WsdlSubmit] Exception in request: org.apache.xmlbeans.impl.values.XmlValueOutOfRangeException: string value 'No Authorization' is not a valid enumeration value for type of authType element in Credentials in namespace http://eviware.com/soapui/config
2015-07-08 14:16:19,276 ERROR [errorlog] org.apache.xmlbeans.impl.values.XmlValueOutOfRangeException: string value 'No Authorization' is not a valid enumeration value for type of authType element in Credentials in namespace http://eviware.com/soapui/config
org.apache.xmlbeans.impl.values.XmlValueOutOfRangeException: string value 'No Authorization' is not a valid enumeration value for type of authType element in Credentials in namespace http://eviware.com/soapui/config
	at org.apache.xmlbeans.impl.values.JavaStringEnumerationHolderEx.set_text(JavaStringEnumerationHolderEx.java:39)
	at org.apache.xmlbeans.impl.values.XmlObjectBase.update_from_wscanon_text(XmlObjectBase.java:1166)
	at org.apache.xmlbeans.impl.values.XmlObjectBase.check_dated(XmlObjectBase.java:1305)
	at org.apache.xmlbeans.impl.values.JavaStringEnumerationHolderEx.getEnumValue(JavaStringEnumerationHolderEx.java:60)
	at com.eviware.soapui.config.impl.CredentialsConfigImpl.getAuthType(Unknown Source)
	at com.eviware.soapui.impl.support.AbstractHttpRequest.getAuthType(AbstractHttpRequest.java:523)
	at com.eviware.soapui.impl.wsdl.endpoint.DefaultEndpointStrategy.applyDefaultsToWsdlRequest(DefaultEndpointStrategy.java:213)
	at com.eviware.soapui.impl.wsdl.endpoint.DefaultEndpointStrategy.filterRequest(DefaultEndpointStrategy.java:199)
	at com.eviware.soapui.impl.wsdl.submit.filters.EndpointStrategyRequestFilter.filterRequest(EndpointStrategyRequestFilter.java:35)
	at com.eviware.soapui.impl.wsdl.submit.transports.http.HttpClientRequestTransport.sendRequest(HttpClientRequestTransport.java:179)
	at com.eviware.soapui.impl.wsdl.WsdlSubmit.run(WsdlSubmit.java:123)
	at com.eviware.soapui.impl.wsdl.WsdlSubmit.submitRequest(WsdlSubmit.java:76)
	at com.eviware.soapui.impl.wsdl.WsdlRequest.submit(WsdlRequest.java:238)
	at com.eviware.soapui.impl.wsdl.teststeps.WsdlTestRequestStep.run(WsdlTestRequestStep.java:417)
	at com.eviware.soapui.impl.wsdl.support.AbstractTestCaseRunner.runTestStep(AbstractTestCaseRunner.java:239)
	at com.eviware.soapui.impl.wsdl.testcase.WsdlTestCaseRunner.runCurrentTestStep(WsdlTestCaseRunner.java:48)
	at com.eviware.soapui.impl.wsdl.support.AbstractTestCaseRunner.internalRun(AbstractTestCaseRunner.java:148)
	at com.eviware.soapui.impl.wsdl.support.AbstractTestCaseRunner.internalRun(AbstractTestCaseRunner.java:43)
	at com.eviware.soapui.impl.wsdl.support.AbstractTestRunner.run(AbstractTestRunner.java:135)
	at java.util.concurrent.Executors$RunnableAdapter.call(Executors.java:471)
	at java.util.concurrent.FutureTask.run(FutureTask.java:262)
	at java.util.concurrent.ThreadPoolExecutor.runWorker(ThreadPoolExecutor.java:1145)
	at java.util.concurrent.ThreadPoolExecutor$Worker.run(ThreadPoolExecutor.java:615)
	at java.lang.Thread.run(Thread.java:745)
2015-07-08 14:16:19,290 ERROR [WsdlSubmit] Exception in request: org.apache.xmlbeans.impl.values.XmlValueOutOfRangeException: string value 'No Authorization' is not a valid enumeration value for type of authType element in Credentials in namespace http://eviware.com/soapui/config
2015-07-08 14:16:19,290 ERROR [errorlog] org.apache.xmlbeans.impl.values.XmlValueOutOfRangeException: string value 'No Authorization' is not a valid enumeration value for type of authType element in Credentials in namespace http://eviware.com/soapui/config
org.apache.xmlbeans.impl.values.XmlValueOutOfRangeException: string value 'No Authorization' is not a valid enumeration value for type of authType element in Credentials in namespace http://eviware.com/soapui/config
	at org.apache.xmlbeans.impl.values.JavaStringEnumerationHolderEx.set_text(JavaStringEnumerationHolderEx.java:39)
	at org.apache.xmlbeans.impl.values.XmlObjectBase.update_from_wscanon_text(XmlObjectBase.java:1166)
	at org.apache.xmlbeans.impl.values.XmlObjectBase.check_dated(XmlObjectBase.java:1305)
	at org.apache.xmlbeans.impl.values.JavaStringEnumerationHolderEx.getEnumValue(JavaStringEnumerationHolderEx.java:60)
	at com.eviware.soapui.config.impl.CredentialsConfigImpl.getAuthType(Unknown Source)
	at com.eviware.soapui.impl.support.AbstractHttpRequest.getAuthType(AbstractHttpRequest.java:523)
	at com.eviware.soapui.impl.wsdl.endpoint.DefaultEndpointStrategy.applyDefaultsToWsdlRequest(DefaultEndpointStrategy.java:213)
	at com.eviware.soapui.impl.wsdl.endpoint.DefaultEndpointStrategy.filterRequest(DefaultEndpointStrategy.java:199)
	at com.eviware.soapui.impl.wsdl.submit.filters.EndpointStrategyRequestFilter.filterRequest(EndpointStrategyRequestFilter.java:35)
	at com.eviware.soapui.impl.wsdl.submit.transports.http.HttpClientRequestTransport.sendRequest(HttpClientRequestTransport.java:179)
	at com.eviware.soapui.impl.wsdl.WsdlSubmit.run(WsdlSubmit.java:123)
	at com.eviware.soapui.impl.wsdl.WsdlSubmit.submitRequest(WsdlSubmit.java:76)
	at com.eviware.soapui.impl.wsdl.WsdlRequest.submit(WsdlRequest.java:238)
	at com.eviware.soapui.impl.wsdl.teststeps.WsdlTestRequestStep.run(WsdlTestRequestStep.java:417)
	at com.eviware.soapui.impl.wsdl.support.AbstractTestCaseRunner.runTestStep(AbstractTestCaseRunner.java:239)
	at com.eviware.soapui.impl.wsdl.testcase.WsdlTestCaseRunner.runCurrentTestStep(WsdlTestCaseRunner.java:48)
	at com.eviware.soapui.impl.wsdl.support.AbstractTestCaseRunner.internalRun(AbstractTestCaseRunner.java:148)
	at com.eviware.soapui.impl.wsdl.support.AbstractTestCaseRunner.internalRun(AbstractTestCaseRunner.java:43)
	at com.eviware.soapui.impl.wsdl.support.AbstractTestRunner.run(AbstractTestRunner.java:135)
	at java.util.concurrent.Executors$RunnableAdapter.call(Executors.java:471)
	at java.util.concurrent.FutureTask.run(FutureTask.java:262)
	at java.util.concurrent.ThreadPoolExecutor.runWorker(ThreadPoolExecutor.java:1145)
	at java.util.concurrent.ThreadPoolExecutor$Worker.run(ThreadPoolExecutor.java:615)
	at java.lang.Thread.run(Thread.java:745)
2015-07-08 15:18:24,160 ERROR [errorlog] java.net.MalformedURLException: no protocol: /src/test/soapui/Getdocstatus-soapui-project.xml
java.net.MalformedURLException: no protocol: /src/test/soapui/Getdocstatus-soapui-project.xml
	at java.net.URL.<init>(URL.java:589)
	at java.net.URL.<init>(URL.java:486)
	at java.net.URL.<init>(URL.java:435)
	at com.eviware.soapui.impl.wsdl.WsdlProject.<init>(WsdlProject.java:226)
	at com.eviware.soapui.impl.wsdl.WsdlProjectFactory.createNew(WsdlProjectFactory.java:41)
	at com.eviware.soapui.impl.wsdl.WsdlProjectFactory.createNew(WsdlProjectFactory.java:24)
	at com.eviware.soapui.tools.SoapUITestCaseRunner.runRunner(SoapUITestCaseRunner.java:304)
	at com.eviware.soapui.tools.AbstractSoapUIRunner.run(AbstractSoapUIRunner.java:138)
	at com.eviware.soapui.maven2.TestMojo.execute(TestMojo.java:113)
	at org.apache.maven.plugin.DefaultBuildPluginManager.executeMojo(DefaultBuildPluginManager.java:134)
	at org.apache.maven.lifecycle.internal.MojoExecutor.execute(MojoExecutor.java:208)
	at org.apache.maven.lifecycle.internal.MojoExecutor.execute(MojoExecutor.java:153)
	at org.apache.maven.lifecycle.internal.MojoExecutor.execute(MojoExecutor.java:145)
	at org.apache.maven.lifecycle.internal.LifecycleModuleBuilder.buildProject(LifecycleModuleBuilder.java:116)
	at org.apache.maven.lifecycle.internal.LifecycleModuleBuilder.buildProject(LifecycleModuleBuilder.java:80)
	at org.apache.maven.lifecycle.internal.builder.singlethreaded.SingleThreadedBuilder.build(SingleThreadedBuilder.java:51)
	at org.apache.maven.lifecycle.internal.LifecycleStarter.execute(LifecycleStarter.java:128)
	at org.apache.maven.DefaultMaven.doExecute(DefaultMaven.java:307)
	at org.apache.maven.DefaultMaven.doExecute(DefaultMaven.java:193)
	at org.apache.maven.DefaultMaven.execute(DefaultMaven.java:106)
	at org.apache.maven.cli.MavenCli.execute(MavenCli.java:862)
	at org.apache.maven.cli.MavenCli.doMain(MavenCli.java:286)
	at org.apache.maven.cli.MavenCli.main(MavenCli.java:197)
	at sun.reflect.NativeMethodAccessorImpl.invoke0(Native Method)
	at sun.reflect.NativeMethodAccessorImpl.invoke(NativeMethodAccessorImpl.java:57)
	at sun.reflect.DelegatingMethodAccessorImpl.invoke(DelegatingMethodAccessorImpl.java:43)
	at java.lang.reflect.Method.invoke(Method.java:606)
	at org.codehaus.plexus.classworlds.launcher.Launcher.launchEnhanced(Launcher.java:289)
	at org.codehaus.plexus.classworlds.launcher.Launcher.launch(Launcher.java:229)
	at org.codehaus.plexus.classworlds.launcher.Launcher.mainWithExitCode(Launcher.java:415)
	at org.codehaus.plexus.classworlds.launcher.Launcher.main(Launcher.java:356)
